AWServer/app/build/intermediates/manifest_merge_blame_file/debug/manifest-merger-blame-debug-report.txt
1<?xml version="1.0" encoding="utf-8"?>
2<manifest xmlns:android="http://schemas.android.com/apk/res/android"
3    package="com.example.serversocket"
4    android:versionCode="1"
5    android:versionName="1.0" >
6
7    <uses-sdk
8        android:minSdkVersion="30"
8-->src\main\AndroidManifest.xml
9        android:targetSdkVersion="34" />
9-->src\main\AndroidManifest.xml
10
11    <uses-permission android:name="android.permission.INTERNET" />
11-->src\main\AndroidManifest.xml:4:5-66
11-->src\main\AndroidManifest.xml:4:22-64
12
13    <application
13-->src\main\AndroidManifest.xml:5:5-14:32
14        android:allowBackup="true"
14-->src\main\AndroidManifest.xml:6:9-35
15        android:appComponentFactory="androidx.core.app.CoreComponentFactory"
15-->[androidx.core:core:1.7.0] AndroidManifest.xml:24:18-86
16        android:dataExtractionRules="@xml/data_extraction_rules"
16-->src\main\AndroidManifest.xml:7:9-65
17        android:debuggable="true"
18        android:extractNativeLibs="false"
19        android:fullBackupContent="@xml/backup_rules"
19-->src\main\AndroidManifest.xml:8:9-54
20        android:icon="@mipmap/ic_launcher"
20-->src\main\AndroidManifest.xml:9:9-43
21        android:label="@string/app_name"
21-->src\main\AndroidManifest.xml:10:9-41
22        android:roundIcon="@mipmap/ic_launcher_round"
22-->src\main\AndroidManifest.xml:11:9-54
23        android:supportsRtl="true"
23-->src\main\AndroidManifest.xml:12:9-35
24        android:theme="@style/Theme.ServerSocket" >
24-->src\main\AndroidManifest.xml:13:9-50
25        <provider
25-->[androidx.emoji2:emoji2:1.0.0] AndroidManifest.xml:26:9-34:20
26            android:name="androidx.startup.InitializationProvider"
26-->[androidx.emoji2:emoji2:1.0.0] AndroidManifest.xml:27:13-67
27            android:authorities="com.example.serversocket.androidx-startup"
27-->[androidx.emoji2:emoji2:1.0.0] AndroidManifest.xml:28:13-68
28            android:exported="false" >
28-->[androidx.emoji2:emoji2:1.0.0] AndroidManifest.xml:29:13-37
29            <meta-data
29-->[androidx.emoji2:emoji2:1.0.0] AndroidManifest.xml:31:13-33:52
30                android:name="androidx.emoji2.text.EmojiCompatInitializer"
30-->[androidx.emoji2:emoji2:1.0.0] AndroidManifest.xml:32:17-75
31                android:value="androidx.startup" />
31-->[androidx.emoji2:emoji2:1.0.0] AndroidManifest.xml:33:17-49
32            <meta-data
32-->[androidx.lifecycle:lifecycle-process:2.4.0] AndroidManifest.xml:31:13-33:52
33                android:name="androidx.lifecycle.ProcessLifecycleInitializer"
33-->[androidx.lifecycle:lifecycle-process:2.4.0] AndroidManifest.xml:32:17-78
34                android:value="androidx.startup" />
34-->[androidx.lifecycle:lifecycle-process:2.4.0] AndroidManifest.xml:33:17-49
35        </provider>
36    </application>
37
38</manifest>